sfml-graphics-s-d.lib(RenderTarget.cpp.obj) : error LNK2019: unresolved external symbol glBlendFunc referenced in function "private: void __cdecl sf::RenderTarget::applyBlendMode(struct sf::BlendMode const &)" (?applyBlendMode@RenderTarget@sf@@AEAAXAEBUBlendMode@2@@Z)
sfml-graphics-s-d.lib(RenderTarget.cpp.obj) : error LNK2019: unresolved external symbol glClear referenced in function "public: void __cdecl sf::RenderTarget::clear(class sf::Color const &)" (?clear@RenderTarget@sf@@QEAAXAEBVColor@2@@Z)
sfml-graphics-s-d.lib(RenderTarget.cpp.obj) : error LNK2019: unresolved external symbol glClearColor referenced in function "public: void __cdecl sf::RenderTarget::clear(class sf::Color const &)" (?clear@RenderTarget@sf@@QEAAXAEBVColor@2@@Z)
sfml-graphics-s-d.lib(RenderTarget.cpp.obj) : error LNK2019: unresolved external symbol glDisable referenced in function "public: void __cdecl sf::RenderTarget::resetGLStates(void)" (?resetGLStates@RenderTarget@sf@@QEAAXXZ)
sfml-graphics-s-d.lib(RenderTarget.cpp.obj) : error LNK2019: unresolved external symbol glEnable referenced in function "public: void __cdecl sf::RenderTarget::resetGLStates(void)" (?resetGLStates@RenderTarget@sf@@QEAAXXZ)
sfml-graphics-s-d.lib(RenderTarget.cpp.obj) : error LNK2019: unresolved external symbol glGetError referenced in function "public: void __cdecl sf::RenderTarget::pushGLStates(void)" (?pushGLStates@RenderTarget@sf@@QEAAXXZ)
sfml-graphics-s-d.lib(GLExtensions.cpp.obj) : error LNK2001: unresolved external symbol glGetError
sfml-graphics-s-d.lib(GLCheck.cpp.obj) : error LNK2001: unresolved external symbol glGetError
sfml-graphics-s-d.lib(RenderTarget.cpp.obj) : error LNK2019: unresolved external symbol glLoadIdentity referenced in function "public: void __cdecl sf::RenderTarget::resetGLStates(void)" (?resetGLStates@RenderTarget@sf@@QEAAXXZ)
sfml-graphics-s-d.lib(Texture.cpp.obj) : error LNK2001: unresolved external symbol glLoadIdentity
sfml-graphics-s-d.lib(RenderTarget.cpp.obj) : error LNK2019: unresolved external symbol glLoadMatrixf referenced in function "private: void __cdecl sf::RenderTarget::applyCurrentView(void)" (?applyCurrentView@RenderTarget@sf@@AEAAXXZ)
sfml-graphics-s-d.lib(Texture.cpp.obj) : error LNK2001: unresolved external symbol glLoadMatrixf
sfml-graphics-s-d.lib(RenderTarget.cpp.obj) : error LNK2019: unresolved external symbol glMatrixMode referenced in function "public: void __cdecl sf::RenderTarget::pushGLStates(void)" (?pushGLStates@RenderTarget@sf@@QEAAXXZ)
sfml-graphics-s-d.lib(Texture.cpp.obj) : error LNK2001: unresolved external symbol glMatrixMode
sfml-graphics-s-d.lib(RenderTarget.cpp.obj) : error LNK2019: unresolved external symbol glPopAttrib referenced in function "public: void __cdecl sf::RenderTarget::popGLStates(void)" (?popGLStates@RenderTarget@sf@@QEAAXXZ)
sfml-graphics-s-d.lib(RenderTarget.cpp.obj) : error LNK2019: unresolved external symbol glPopMatrix referenced in function "public: void __cdecl sf::RenderTarget::popGLStates(void)" (?popGLStates@RenderTarget@sf@@QEAAXXZ)
sfml-graphics-s-d.lib(RenderTarget.cpp.obj) : error LNK2019: unresolved external symbol glPushAttrib referenced in function "public: void __cdecl sf::RenderTarget::pushGLStates(void)" (?pushGLStates@RenderTarget@sf@@QEAAXXZ)
sfml-graphics-s-d.lib(RenderTarget.cpp.obj) : error LNK2019: unresolved external symbol glPushMatrix referenced in function "public: void __cdecl sf::RenderTarget::pushGLStates(void)" (?pushGLStates@RenderTarget@sf@@QEAAXXZ)
sfml-graphics-s-d.lib(RenderTarget.cpp.obj) : error LNK2019: unresolved external symbol glViewport referenced in function "private: void __cdecl sf::RenderTarget::applyCurrentView(void)" (?applyCurrentView@RenderTarget@sf@@AEAAXXZ)
sfml-graphics-s-d.lib(RenderTarget.cpp.obj) : error LNK2019: unresolved external symbol glColorPointer referenced in function "public: void __cdecl sf::RenderTarget::draw(class sf::Vertex const *,unsigned __int64,enum sf::PrimitiveType,class sf::RenderStates const &)" (?draw@RenderTarget@sf@@QEAAXPEBVVertex@2@_KW4PrimitiveType@2@AEBVRenderStates@2@@Z)
sfml-graphics-s-d.lib(RenderTarget.cpp.obj) : error LNK2019: unresolved external symbol glDisableClientState referenced in function "public: void __cdecl sf::RenderTarget::draw(class sf::Vertex const *,unsigned __int64,enum sf::PrimitiveType,class sf::RenderStates const &)" (?draw@RenderTarget@sf@@QEAAXPEBVVertex@2@_KW4PrimitiveType@2@AEBVRenderStates@2@@Z)
sfml-graphics-s-d.lib(RenderTarget.cpp.obj) : error LNK2019: unresolved external symbol glDrawArrays referenced in function "private: void __cdecl sf::RenderTarget::drawPrimitives(enum sf::PrimitiveType,unsigned __int64,unsigned __int64)" (?drawPrimitives@RenderTarget@sf@@AEAAXW4PrimitiveType@2@_K1@Z)
sfml-graphics-s-d.lib(RenderTarget.cpp.obj) : error LNK2019: unresolved external symbol glEnableClientState referenced in function "public: void __cdecl sf::RenderTarget::draw(class sf::Vertex const *,unsigned __int64,enum sf::PrimitiveType,class sf::RenderStates const &)" (?draw@RenderTarget@sf@@QEAAXPEBVVertex@2@_KW4PrimitiveType@2@AEBVRenderStates@2@@Z)
sfml-graphics-s-d.lib(RenderTarget.cpp.obj) : error LNK2019: unresolved external symbol glPopClientAttrib referenced in function "public: void __cdecl sf::RenderTarget::popGLStates(void)" (?popGLStates@RenderTarget@sf@@QEAAXXZ)
sfml-graphics-s-d.lib(RenderTarget.cpp.obj) : error LNK2019: unresolved external symbol glPushClientAttrib referenced in function "public: void __cdecl sf::RenderTarget::pushGLStates(void)" (?pushGLStates@RenderTarget@sf@@QEAAXXZ)
sfml-graphics-s-d.lib(RenderTarget.cpp.obj) : error LNK2019: unresolved external symbol glTexCoordPointer referenced in function "public: void __cdecl sf::RenderTarget::draw(class sf::Vertex const *,unsigned __int64,enum sf::PrimitiveType,class sf::RenderStates const &)" (?draw@RenderTarget@sf@@QEAAXPEBVVertex@2@_KW4PrimitiveType@2@AEBVRenderStates@2@@Z)
sfml-graphics-s-d.lib(RenderTarget.cpp.obj) : error LNK2019: unresolved external symbol glVertexPointer referenced in function "public: void __cdecl sf::RenderTarget::draw(class sf::Vertex const *,unsigned __int64,enum sf::PrimitiveType,class sf::RenderStates const &)" (?draw@RenderTarget@sf@@QEAAXPEBVVertex@2@_KW4PrimitiveType@2@AEBVRenderStates@2@@Z)
sfml-graphics-s-d.lib(Texture.cpp.obj) : error LNK2019: unresolved external symbol glFlush referenced in function "public: __cdecl sf::Texture::Texture(class sf::Texture const &)" (??0Texture@sf@@QEAA@AEBV01@@Z)
sfml-graphics-s-d.lib(Shader.cpp.obj) : error LNK2001: unresolved external symbol glFlush
sfml-graphics-s-d.lib(TextureSaver.cpp.obj) : error LNK2001: unresolved external symbol glGetIntegerv
sfml-graphics-s-d.lib(Texture.cpp.obj) : error LNK2001: unresolved external symbol glGetIntegerv
sfml-graphics-s-d.lib(Shader.cpp.obj) : error LNK2001: unresolved external symbol glGetIntegerv
sfml-graphics-s-d.lib(GLExtensions.cpp.obj) : error LNK2001: unresolved external symbol glGetIntegerv
sfml-graphics-s-d.lib(RenderTextureImplFBO.cpp.obj) : error LNK2001: unresolved external symbol glGetIntegerv
sfml-graphics-s-d.lib(Texture.cpp.obj) : error LNK2019: unresolved external symbol glGetTexImage referenced in function "public: class sf::Image __cdecl sf::Texture::copyToImage(void)const " (?copyToImage@Texture@sf@@QEBA?AVImage@2@XZ)
sfml-graphics-s-d.lib(Texture.cpp.obj) : error LNK2019: unresolved external symbol glTexImage2D referenced in function "public: bool __cdecl sf::Texture::create(unsigned int,unsigned int)" (?create@Texture@sf@@QEAA_NII@Z)
sfml-graphics-s-d.lib(Texture.cpp.obj) : error LNK2019: unresolved external symbol glTexParameteri referenced in function "public: bool __cdecl sf::Texture::create(unsigned int,unsigned int)" (?create@Texture@sf@@QEAA_NII@Z)
sfml-graphics-s-d.lib(Texture.cpp.obj) : error LNK2019: unresolved external symbol glBindTexture referenced in function "public: bool __cdecl sf::Texture::create(unsigned int,unsigned int)" (?create@Texture@sf@@QEAA_NII@Z)
sfml-graphics-s-d.lib(TextureSaver.cpp.obj) : error LNK2001: unresolved external symbol glBindTexture
sfml-graphics-s-d.lib(Texture.cpp.obj) : error LNK2019: unresolved external symbol glCopyTexSubImage2D referenced in function "public: void __cdecl sf::Texture::update(class sf::Window const &,unsigned int,unsigned int)" (?update@Texture@sf@@QEAAXAEBVWindow@2@II@Z)
sfml-graphics-s-d.lib(Texture.cpp.obj) : error LNK2019: unresolved external symbol glDeleteTextures referenced in function "public: __cdecl sf::Texture::~Texture(void)" (??1Texture@sf@@QEAA@XZ)
sfml-graphics-s-d.lib(Texture.cpp.obj) : error LNK2019: unresolved external symbol glGenTextures referenced in function "public: bool __cdecl sf::Texture::create(unsigned int,unsigned int)" (?create@Texture@sf@@QEAA_NII@Z)
sfml-graphics-s-d.lib(Texture.cpp.obj) : error LNK2019: unresolved external symbol glTexSubImage2D referenced in function "public: bool __cdecl sf::Texture::loadFromImage(class sf::Image const &,class sf::Rect<int> const &)" (?loadFromImage@Texture@sf@@QEAA_NAEBVImage@2@AEBV?$Rect@H@2@@Z)
sfml-graphics-s-d.lib(GLExtensions.cpp.obj) : error LNK2019: unresolved external symbol glGetString referenced in function "void __cdecl sf::priv::ensureExtensionsInit(void)" (?ensureExtensionsInit@priv@sf@@YAXXZ)
sfml-window-s-d.lib(GlContext.cpp.obj) : error LNK2019: unresolved external symbol __imp_glEnable referenced in function "private: void __cdecl sf::priv::GlContext::initialize(struct sf::ContextSettings const &)" (?initialize@GlContext@priv@sf@@AEAAXAEBUContextSettings@3@@Z)
sfml-window-s-d.lib(GlContext.cpp.obj) : error LNK2019: unresolved external symbol __imp_glGetError referenced in function "public: static void __cdecl sf::priv::GlContext::initResource(void)" (?initResource@GlContext@priv@sf@@SAXXZ)
sfml-window-s-d.lib(GlContext.cpp.obj) : error LNK2019: unresolved external symbol __imp_glGetIntegerv referenced in function "public: static void __cdecl sf::priv::GlContext::initResource(void)" (?initResource@GlContext@priv@sf@@SAXXZ)
sfml-window-s-d.lib(GlContext.cpp.obj) : error LNK2019: unresolved external symbol __imp_glGetString referenced in function "public: static void __cdecl sf::priv::GlContext::initResource(void)" (?initResource@GlContext@priv@sf@@SAXXZ)
sfml-window-s-d.lib(GlContext.cpp.obj) : error LNK2019: unresolved external symbol __imp_glIsEnabled referenced in function "private: void __cdecl sf::priv::GlContext::initialize(struct sf::ContextSettings const &)" (?initialize@GlContext@priv@sf@@AEAAXAEBUContextSettings@3@@Z)
sfml-window-s-d.lib(WglContext.cpp.obj) : error LNK2019: unresolved external symbol __imp_wglCreateContext referenced in function "private: void __cdecl sf::priv::WglContext::createContext(class sf::priv::WglContext *)" (?createContext@WglContext@priv@sf@@AEAAXPEAV123@@Z)
sfml-window-s-d.lib(WglContext.cpp.obj) : error LNK2019: unresolved external symbol __imp_wglDeleteContext referenced in function "public: virtual __cdecl sf::priv::WglContext::~WglContext(void)" (??1WglContext@priv@sf@@UEAA@XZ)
sfml-window-s-d.lib(WglContext.cpp.obj) : error LNK2019: unresolved external symbol __imp_wglGetProcAddress referenced in function "public: static void (__cdecl*__cdecl sf::priv::WglContext::getFunction(char const *))(void)" (?getFunction@WglContext@priv@sf@@SAP6AXXZPEBD@Z)
sfml-window-s-d.lib(WglContext.cpp.obj) : error LNK2019: unresolved external symbol __imp_wglMakeCurrent referenced in function "public: virtual __cdecl sf::priv::WglContext::~WglContext(void)" (??1WglContext@priv@sf@@UEAA@XZ)
sfml-window-s-d.lib(WglContext.cpp.obj) : error LNK2019: unresolved external symbol __imp_wglShareLists referenced in function "private: void __cdecl sf::priv::WglContext::createContext(class sf::priv::WglContext *)" (?createContext@WglContext@priv@sf@@AEAAXPEAV123@@Z)
sfml-window-s-d.lib(JoystickImpl.cpp.obj) : error LNK2019: unresolved external symbol __imp_joyGetPosEx referenced in function "public: static bool __cdecl sf::priv::JoystickImpl::isConnected(unsigned int)" (?isConnected@JoystickImpl@priv@sf@@SA_NI@Z)
sfml-window-s-d.lib(JoystickImpl.cpp.obj) : error LNK2019: unresolved external symbol __imp_joyGetDevCapsW referenced in function "public: bool __cdecl sf::priv::JoystickImpl::open(unsigned int)" (?open@JoystickImpl@priv@sf@@QEAA_NI@Z)
sfml-system-s-d.lib(SleepImpl.cpp.obj) : error LNK2019: unresolved external symbol __imp_timeGetDevCaps referenced in function "void __cdecl sf::priv::sleepImpl(class sf::Time)" (?sleepImpl@priv@sf@@YAXVTime@2@@Z)
sfml-system-s-d.lib(SleepImpl.cpp.obj) : error LNK2019: unresolved external symbol __imp_timeBeginPeriod referenced in function "void __cdecl sf::priv::sleepImpl(class sf::Time)" (?sleepImpl@priv@sf@@YAXVTime@2@@Z)
sfml-system-s-d.lib(SleepImpl.cpp.obj) : error LNK2019: unresolved external symbol __imp_timeEndPeriod referenced in function "void __cdecl sf::priv::sleepImpl(class sf::Time)" (?sleepImpl@priv@sf@@YAXVTime@2@@Z)
C:\sfmllib\sfmlpr\x64\Debug\sfmlpr.exe : fatal error LNK1120: 48 unresolved externals
